<?xml version="1.0" encoding="UTF-8"?>
<testsuite xmlns:xsi="http://www.w3.org/2001/XMLSchema-instance" xsi:noNamespaceSchemaLocation="https://maven.apache.org/surefire/maven-surefire-plugin/xsd/surefire-test-report-3.0.xsd" version="3.0" name="com.example.demo.service.BookServiceTest" time="2.796" tests="4" errors="0" skipped="0" failures="0">
  <properties>
    <property name="java.specification.version" value="21"/>
    <property name="sun.jnu.encoding" value="UTF-8"/>
    <property name="java.class.path" value="/Users/lucaeugeniegomis/Documents/GitHub/backendDemo/target/test-classes:/Users/lucaeugeniegomis/Documents/GitHub/backendDemo/target/classes:/Users/lucaeugeniegomis/.m2/repository/org/springframework/boot/spring-boot-starter/3.2.3/spring-boot-starter-3.2.3.jar:/Users/lucaeugeniegomis/.m2/repository/org/springframework/boot/spring-boot/3.2.3/spring-boot-3.2.3.jar:/Users/lucaeugeniegomis/.m2/repository/org/springframework/spring-context/6.1.4/spring-context-6.1.4.jar:/Users/lucaeugeniegomis/.m2/repository/org/springframework/boot/spring-boot-autoconfigure/3.2.3/spring-boot-autoconfigure-3.2.3.jar:/Users/lucaeugeniegomis/.m2/repository/org/springframework/boot/spring-boot-starter-logging/3.2.3/spring-boot-starter-logging-3.2.3.jar:/Users/lucaeugeniegomis/.m2/repository/ch/qos/logback/logback-classic/1.4.14/logback-classic-1.4.14.jar:/Users/lucaeugeniegomis/.m2/repository/ch/qos/logback/logback-core/1.4.14/logback-core-1.4.14.jar:/Users/lucaeugeniegomis/.m2/repository/org/apache/logging/log4j/log4j-to-slf4j/2.21.1/log4j-to-slf4j-2.21.1.jar:/Users/lucaeugeniegomis/.m2/repository/org/apache/logging/log4j/log4j-api/2.21.1/log4j-api-2.21.1.jar:/Users/lucaeugeniegomis/.m2/repository/org/slf4j/jul-to-slf4j/2.0.12/jul-to-slf4j-2.0.12.jar:/Users/lucaeugeniegomis/.m2/repository/jakarta/annotation/jakarta.annotation-api/2.1.1/jakarta.annotation-api-2.1.1.jar:/Users/lucaeugeniegomis/.m2/repository/org/springframework/spring-core/6.1.4/spring-core-6.1.4.jar:/Users/lucaeugeniegomis/.m2/repository/org/springframework/spring-jcl/6.1.4/spring-jcl-6.1.4.jar:/Users/lucaeugeniegomis/.m2/repository/org/yaml/snakeyaml/2.2/snakeyaml-2.2.jar:/Users/lucaeugeniegomis/.m2/repository/org/springframework/boot/spring-boot-starter-test/3.2.3/spring-boot-starter-test-3.2.3.jar:/Users/lucaeugeniegomis/.m2/repository/org/springframework/boot/spring-boot-test/3.2.3/spring-boot-test-3.2.3.jar:/Users/lucaeugeniegomis/.m2/repository/org/springframework/boot/spring-boot-test-autoconfigure/3.2.3/spring-boot-test-autoconfigure-3.2.3.jar:/Users/lucaeugeniegomis/.m2/repository/com/jayway/jsonpath/json-path/2.9.0/json-path-2.9.0.jar:/Users/lucaeugeniegomis/.m2/repository/org/slf4j/slf4j-api/2.0.12/slf4j-api-2.0.12.jar:/Users/lucaeugeniegomis/.m2/repository/jakarta/xml/bind/jakarta.xml.bind-api/4.0.1/jakarta.xml.bind-api-4.0.1.jar:/Users/lucaeugeniegomis/.m2/repository/jakarta/activation/jakarta.activation-api/2.1.2/jakarta.activation-api-2.1.2.jar:/Users/lucaeugeniegomis/.m2/repository/net/minidev/json-smart/2.5.0/json-smart-2.5.0.jar:/Users/lucaeugeniegomis/.m2/repository/net/minidev/accessors-smart/2.5.0/accessors-smart-2.5.0.jar:/Users/lucaeugeniegomis/.m2/repository/org/ow2/asm/asm/9.3/asm-9.3.jar:/Users/lucaeugeniegomis/.m2/repository/org/assertj/assertj-core/3.24.2/assertj-core-3.24.2.jar:/Users/lucaeugeniegomis/.m2/repository/net/bytebuddy/byte-buddy/1.14.12/byte-buddy-1.14.12.jar:/Users/lucaeugeniegomis/.m2/repository/org/awaitility/awaitility/4.2.0/awaitility-4.2.0.jar:/Users/lucaeugeniegomis/.m2/repository/org/hamcrest/hamcrest/2.2/hamcrest-2.2.jar:/Users/lucaeugeniegomis/.m2/repository/org/junit/jupiter/junit-jupiter/5.10.2/junit-jupiter-5.10.2.jar:/Users/lucaeugeniegomis/.m2/repository/org/junit/jupiter/junit-jupiter-api/5.10.2/junit-jupiter-api-5.10.2.jar:/Users/lucaeugeniegomis/.m2/repository/org/opentest4j/opentest4j/1.3.0/opentest4j-1.3.0.jar:/Users/lucaeugeniegomis/.m2/repository/org/junit/platform/junit-platform-commons/1.10.2/junit-platform-commons-1.10.2.jar:/Users/lucaeugeniegomis/.m2/repository/org/apiguardian/apiguardian-api/1.1.2/apiguardian-api-1.1.2.jar:/Users/lucaeugeniegomis/.m2/repository/org/junit/jupiter/junit-jupiter-params/5.10.2/junit-jupiter-params-5.10.2.jar:/Users/lucaeugeniegomis/.m2/repository/org/junit/jupiter/junit-jupiter-engine/5.10.2/junit-jupiter-engine-5.10.2.jar:/Users/lucaeugeniegomis/.m2/repository/org/junit/platform/junit-platform-engine/1.10.2/junit-platform-engine-1.10.2.jar:/Users/lucaeugeniegomis/.m2/repository/org/mockito/mockito-core/4.8.0/mockito-core-4.8.0.jar:/Users/lucaeugeniegomis/.m2/repository/net/bytebuddy/byte-buddy-agent/1.14.12/byte-buddy-agent-1.14.12.jar:/Users/lucaeugeniegomis/.m2/repository/org/objenesis/objenesis/3.2/objenesis-3.2.jar:/Users/lucaeugeniegomis/.m2/repository/org/mockito/mockito-junit-jupiter/4.8.0/mockito-junit-jupiter-4.8.0.jar:/Users/lucaeugeniegomis/.m2/repository/org/skyscreamer/jsonassert/1.5.1/jsonassert-1.5.1.jar:/Users/lucaeugeniegomis/.m2/repository/com/vaadin/external/google/android-json/0.0.20131108.vaadin1/android-json-0.0.20131108.vaadin1.jar:/Users/lucaeugeniegomis/.m2/repository/org/springframework/spring-test/6.1.4/spring-test-6.1.4.jar:/Users/lucaeugeniegomis/.m2/repository/org/xmlunit/xmlunit-core/2.9.1/xmlunit-core-2.9.1.jar:/Users/lucaeugeniegomis/.m2/repository/io/grpc/grpc-netty-shaded/1.57.2/grpc-netty-shaded-1.57.2.jar:/Users/lucaeugeniegomis/.m2/repository/com/google/guava/guava/32.0.1-android/guava-32.0.1-android.jar:/Users/lucaeugeniegomis/.m2/repository/com/google/guava/failureaccess/1.0.1/failureaccess-1.0.1.jar:/Users/lucaeugeniegomis/.m2/repository/com/google/guava/listenablefuture/9999.0-empty-to-avoid-conflict-with-guava/listenablefuture-9999.0-empty-to-avoid-conflict-with-guava.jar:/Users/lucaeugeniegomis/.m2/repository/com/google/j2objc/j2objc-annotations/2.8/j2objc-annotations-2.8.jar:/Users/lucaeugeniegomis/.m2/repository/com/google/errorprone/error_prone_annotations/2.18.0/error_prone_annotations-2.18.0.jar:/Users/lucaeugeniegomis/.m2/repository/io/perfmark/perfmark-api/0.26.0/perfmark-api-0.26.0.jar:/Users/lucaeugeniegomis/.m2/repository/io/grpc/grpc-core/1.57.2/grpc-core-1.57.2.jar:/Users/lucaeugeniegomis/.m2/repository/com/google/code/gson/gson/2.10.1/gson-2.10.1.jar:/Users/lucaeugeniegomis/.m2/repository/com/google/android/annotations/4.1.1.4/annotations-4.1.1.4.jar:/Users/lucaeugeniegomis/.m2/repository/org/codehaus/mojo/animal-sniffer-annotations/1.23/animal-sniffer-annotations-1.23.jar:/Users/lucaeugeniegomis/.m2/repository/io/grpc/grpc-context/1.57.2/grpc-context-1.57.2.jar:/Users/lucaeugeniegomis/.m2/repository/io/grpc/grpc-protobuf/1.57.2/grpc-protobuf-1.57.2.jar:/Users/lucaeugeniegomis/.m2/repository/io/grpc/grpc-api/1.57.2/grpc-api-1.57.2.jar:/Users/lucaeugeniegomis/.m2/repository/com/google/code/findbugs/jsr305/3.0.2/jsr305-3.0.2.jar:/Users/lucaeugeniegomis/.m2/repository/com/google/api/grpc/proto-google-common-protos/2.17.0/proto-google-common-protos-2.17.0.jar:/Users/lucaeugeniegomis/.m2/repository/io/grpc/grpc-protobuf-lite/1.57.2/grpc-protobuf-lite-1.57.2.jar:/Users/lucaeugeniegomis/.m2/repository/io/grpc/grpc-stub/1.57.2/grpc-stub-1.57.2.jar:/Users/lucaeugeniegomis/.m2/repository/org/apache/tomcat/annotations-api/6.0.53/annotations-api-6.0.53.jar:/Users/lucaeugeniegomis/.m2/repository/com/google/protobuf/protobuf-java/3.21.7/protobuf-java-3.21.7.jar:/Users/lucaeugeniegomis/.m2/repository/org/springframework/boot/spring-boot-starter-data-jpa/3.2.3/spring-boot-starter-data-jpa-3.2.3.jar:/Users/lucaeugeniegomis/.m2/repository/org/springframework/boot/spring-boot-starter-aop/3.2.3/spring-boot-starter-aop-3.2.3.jar:/Users/lucaeugeniegomis/.m2/repository/org/springframework/spring-aop/6.1.4/spring-aop-6.1.4.jar:/Users/lucaeugeniegomis/.m2/repository/org/aspectj/aspectjweaver/1.9.21/aspectjweaver-1.9.21.jar:/Users/lucaeugeniegomis/.m2/repository/org/springframework/boot/spring-boot-starter-jdbc/3.2.3/spring-boot-starter-jdbc-3.2.3.jar:/Users/lucaeugeniegomis/.m2/repository/com/zaxxer/HikariCP/5.0.1/HikariCP-5.0.1.jar:/Users/lucaeugeniegomis/.m2/repository/org/springframework/spring-jdbc/6.1.4/spring-jdbc-6.1.4.jar:/Users/lucaeugeniegomis/.m2/repository/org/hibernate/orm/hibernate-core/6.4.4.Final/hibernate-core-6.4.4.Final.jar:/Users/lucaeugeniegomis/.m2/repository/jakarta/persistence/jakarta.persistence-api/3.1.0/jakarta.persistence-api-3.1.0.jar:/Users/lucaeugeniegomis/.m2/repository/jakarta/transaction/jakarta.transaction-api/2.0.1/jakarta.transaction-api-2.0.1.jar:/Users/lucaeugeniegomis/.m2/repository/org/jboss/logging/jboss-logging/3.5.3.Final/jboss-logging-3.5.3.Final.jar:/Users/lucaeugeniegomis/.m2/repository/org/hibernate/common/hibernate-commons-annotations/6.0.6.Final/hibernate-commons-annotations-6.0.6.Final.jar:/Users/lucaeugeniegomis/.m2/repository/io/smallrye/jandex/3.1.2/jandex-3.1.2.jar:/Users/lucaeugeniegomis/.m2/repository/com/fasterxml/classmate/1.6.0/classmate-1.6.0.jar:/Users/lucaeugeniegomis/.m2/repository/org/glassfish/jaxb/jaxb-runtime/4.0.4/jaxb-runtime-4.0.4.jar:/Users/lucaeugeniegomis/.m2/repository/org/glassfish/jaxb/jaxb-core/4.0.4/jaxb-core-4.0.4.jar:/Users/lucaeugeniegomis/.m2/repository/org/eclipse/angus/angus-activation/2.0.1/angus-activation-2.0.1.jar:/Users/lucaeugeniegomis/.m2/repository/org/glassfish/jaxb/txw2/4.0.4/txw2-4.0.4.jar:/Users/lucaeugeniegomis/.m2/repository/com/sun/istack/istack-commons-runtime/4.1.2/istack-commons-runtime-4.1.2.jar:/Users/lucaeugeniegomis/.m2/repository/jakarta/inject/jakarta.inject-api/2.0.1/jakarta.inject-api-2.0.1.jar:/Users/lucaeugeniegomis/.m2/repository/org/antlr/antlr4-runtime/4.13.0/antlr4-runtime-4.13.0.jar:/Users/lucaeugeniegomis/.m2/repository/org/springframework/data/spring-data-jpa/3.2.3/spring-data-jpa-3.2.3.jar:/Users/lucaeugeniegomis/.m2/repository/org/springframework/data/spring-data-commons/3.2.3/spring-data-commons-3.2.3.jar:/Users/lucaeugeniegomis/.m2/repository/org/springframework/spring-orm/6.1.4/spring-orm-6.1.4.jar:/Users/lucaeugeniegomis/.m2/repository/org/springframework/spring-tx/6.1.4/spring-tx-6.1.4.jar:/Users/lucaeugeniegomis/.m2/repository/org/springframework/spring-beans/6.1.4/spring-beans-6.1.4.jar:/Users/lucaeugeniegomis/.m2/repository/org/springframework/spring-aspects/6.1.4/spring-aspects-6.1.4.jar:/Users/lucaeugeniegomis/.m2/repository/org/springframework/boot/spring-boot-starter-web/3.2.3/spring-boot-starter-web-3.2.3.jar:/Users/lucaeugeniegomis/.m2/repository/org/springframework/boot/spring-boot-starter-json/3.2.3/spring-boot-starter-json-3.2.3.jar:/Users/lucaeugeniegomis/.m2/repository/com/fasterxml/jackson/core/jackson-databind/2.15.4/jackson-databind-2.15.4.jar:/Users/lucaeugeniegomis/.m2/repository/com/fasterxml/jackson/core/jackson-annotations/2.15.4/jackson-annotations-2.15.4.jar:/Users/lucaeugeniegomis/.m2/repository/com/fasterxml/jackson/core/jackson-core/2.15.4/jackson-core-2.15.4.jar:/Users/lucaeugeniegomis/.m2/repository/com/fasterxml/jackson/datatype/jackson-datatype-jdk8/2.15.4/jackson-datatype-jdk8-2.15.4.jar:/Users/lucaeugeniegomis/.m2/repository/com/fasterxml/jackson/datatype/jackson-datatype-jsr310/2.15.4/jackson-datatype-jsr310-2.15.4.jar:/Users/lucaeugeniegomis/.m2/repository/com/fasterxml/jackson/module/jackson-module-parameter-names/2.15.4/jackson-module-parameter-names-2.15.4.jar:/Users/lucaeugeniegomis/.m2/repository/org/springframework/boot/spring-boot-starter-tomcat/3.2.3/spring-boot-starter-tomcat-3.2.3.jar:/Users/lucaeugeniegomis/.m2/repository/org/apache/tomcat/embed/tomcat-embed-core/10.1.19/tomcat-embed-core-10.1.19.jar:/Users/lucaeugeniegomis/.m2/repository/org/apache/tomcat/embed/tomcat-embed-el/10.1.19/tomcat-embed-el-10.1.19.jar:/Users/lucaeugeniegomis/.m2/repository/org/apache/tomcat/embed/tomcat-embed-websocket/10.1.19/tomcat-embed-websocket-10.1.19.jar:/Users/lucaeugeniegomis/.m2/repository/org/springframework/spring-web/6.1.4/spring-web-6.1.4.jar:/Users/lucaeugeniegomis/.m2/repository/io/micrometer/micrometer-observation/1.12.3/micrometer-observation-1.12.3.jar:/Users/lucaeugeniegomis/.m2/repository/io/micrometer/micrometer-commons/1.12.3/micrometer-commons-1.12.3.jar:/Users/lucaeugeniegomis/.m2/repository/org/springframework/spring-webmvc/6.1.4/spring-webmvc-6.1.4.jar:/Users/lucaeugeniegomis/.m2/repository/org/springframework/spring-expression/6.1.4/spring-expression-6.1.4.jar:/Users/lucaeugeniegomis/.m2/repository/org/postgresql/postgresql/42.6.1/postgresql-42.6.1.jar:/Users/lucaeugeniegomis/.m2/repository/org/checkerframework/checker-qual/3.31.0/checker-qual-3.31.0.jar:/Users/lucaeugeniegomis/.m2/repository/org/projectlombok/lombok/1.18.30/lombok-1.18.30.jar:/Users/lucaeugeniegomis/.m2/repository/org/mockito/mockito-inline/4.8.0/mockito-inline-4.8.0.jar:/Users/lucaeugeniegomis/.m2/repository/org/mapstruct/mapstruct/1.4.2.Final/mapstruct-1.4.2.Final.jar:/Users/lucaeugeniegomis/.m2/repository/org/mapstruct/mapstruct-processor/1.4.2.Final/mapstruct-processor-1.4.2.Final.jar:"/>
    <property name="java.vm.vendor" value="Azul Systems, Inc."/>
    <property name="sun.arch.data.model" value="64"/>
    <property name="java.vendor.url" value="http://www.azul.com/"/>
    <property name="user.timezone" value="Asia/Bangkok"/>
    <property name="org.jboss.logging.provider" value="slf4j"/>
    <property name="os.name" value="Mac OS X"/>
    <property name="java.vm.specification.version" value="21"/>
    <property name="sun.java.launcher" value="SUN_STANDARD"/>
    <property name="user.country" value="TH"/>
    <property name="sun.boot.library.path" value="/Library/Java/JavaVirtualMachines/zulu-21.jdk/Contents/Home/lib"/>
    <property name="sun.java.command" value="/Users/lucaeugeniegomis/Documents/GitHub/backendDemo/target/surefire/surefirebooter-20240229134559464_3.jar /Users/lucaeugeniegomis/Documents/GitHub/backendDemo/target/surefire 2024-02-29T13-45-59_426-jvmRun1 surefire-20240229134559464_1tmp surefire_0-20240229134559464_2tmp"/>
    <property name="http.nonProxyHosts" value="local|*.local|169.254/16|*.169.254/16"/>
    <property name="jdk.debug" value="release"/>
    <property name="surefire.test.class.path" value="/Users/lucaeugeniegomis/Documents/GitHub/backendDemo/target/test-classes:/Users/lucaeugeniegomis/Documents/GitHub/backendDemo/target/classes:/Users/lucaeugeniegomis/.m2/repository/org/springframework/boot/spring-boot-starter/3.2.3/spring-boot-starter-3.2.3.jar:/Users/lucaeugeniegomis/.m2/repository/org/springframework/boot/spring-boot/3.2.3/spring-boot-3.2.3.jar:/Users/lucaeugeniegomis/.m2/repository/org/springframework/spring-context/6.1.4/spring-context-6.1.4.jar:/Users/lucaeugeniegomis/.m2/repository/org/springframework/boot/spring-boot-autoconfigure/3.2.3/spring-boot-autoconfigure-3.2.3.jar:/Users/lucaeugeniegomis/.m2/repository/org/springframework/boot/spring-boot-starter-logging/3.2.3/spring-boot-starter-logging-3.2.3.jar:/Users/lucaeugeniegomis/.m2/repository/ch/qos/logback/logback-classic/1.4.14/logback-classic-1.4.14.jar:/Users/lucaeugeniegomis/.m2/repository/ch/qos/logback/logback-core/1.4.14/logback-core-1.4.14.jar:/Users/lucaeugeniegomis/.m2/repository/org/apache/logging/log4j/log4j-to-slf4j/2.21.1/log4j-to-slf4j-2.21.1.jar:/Users/lucaeugeniegomis/.m2/repository/org/apache/logging/log4j/log4j-api/2.21.1/log4j-api-2.21.1.jar:/Users/lucaeugeniegomis/.m2/repository/org/slf4j/jul-to-slf4j/2.0.12/jul-to-slf4j-2.0.12.jar:/Users/lucaeugeniegomis/.m2/repository/jakarta/annotation/jakarta.annotation-api/2.1.1/jakarta.annotation-api-2.1.1.jar:/Users/lucaeugeniegomis/.m2/repository/org/springframework/spring-core/6.1.4/spring-core-6.1.4.jar:/Users/lucaeugeniegomis/.m2/repository/org/springframework/spring-jcl/6.1.4/spring-jcl-6.1.4.jar:/Users/lucaeugeniegomis/.m2/repository/org/yaml/snakeyaml/2.2/snakeyaml-2.2.jar:/Users/lucaeugeniegomis/.m2/repository/org/springframework/boot/spring-boot-starter-test/3.2.3/spring-boot-starter-test-3.2.3.jar:/Users/lucaeugeniegomis/.m2/repository/org/springframework/boot/spring-boot-test/3.2.3/spring-boot-test-3.2.3.jar:/Users/lucaeugeniegomis/.m2/repository/org/springframework/boot/spring-boot-test-autoconfigure/3.2.3/spring-boot-test-autoconfigure-3.2.3.jar:/Users/lucaeugeniegomis/.m2/repository/com/jayway/jsonpath/json-path/2.9.0/json-path-2.9.0.jar:/Users/lucaeugeniegomis/.m2/repository/org/slf4j/slf4j-api/2.0.12/slf4j-api-2.0.12.jar:/Users/lucaeugeniegomis/.m2/repository/jakarta/xml/bind/jakarta.xml.bind-api/4.0.1/jakarta.xml.bind-api-4.0.1.jar:/Users/lucaeugeniegomis/.m2/repository/jakarta/activation/jakarta.activation-api/2.1.2/jakarta.activation-api-2.1.2.jar:/Users/lucaeugeniegomis/.m2/repository/net/minidev/json-smart/2.5.0/json-smart-2.5.0.jar:/Users/lucaeugeniegomis/.m2/repository/net/minidev/accessors-smart/2.5.0/accessors-smart-2.5.0.jar:/Users/lucaeugeniegomis/.m2/repository/org/ow2/asm/asm/9.3/asm-9.3.jar:/Users/lucaeugeniegomis/.m2/repository/org/assertj/assertj-core/3.24.2/assertj-core-3.24.2.jar:/Users/lucaeugeniegomis/.m2/repository/net/bytebuddy/byte-buddy/1.14.12/byte-buddy-1.14.12.jar:/Users/lucaeugeniegomis/.m2/repository/org/awaitility/awaitility/4.2.0/awaitility-4.2.0.jar:/Users/lucaeugeniegomis/.m2/repository/org/hamcrest/hamcrest/2.2/hamcrest-2.2.jar:/Users/lucaeugeniegomis/.m2/repository/org/junit/jupiter/junit-jupiter/5.10.2/junit-jupiter-5.10.2.jar:/Users/lucaeugeniegomis/.m2/repository/org/junit/jupiter/junit-jupiter-api/5.10.2/junit-jupiter-api-5.10.2.jar:/Users/lucaeugeniegomis/.m2/repository/org/opentest4j/opentest4j/1.3.0/opentest4j-1.3.0.jar:/Users/lucaeugeniegomis/.m2/repository/org/junit/platform/junit-platform-commons/1.10.2/junit-platform-commons-1.10.2.jar:/Users/lucaeugeniegomis/.m2/repository/org/apiguardian/apiguardian-api/1.1.2/apiguardian-api-1.1.2.jar:/Users/lucaeugeniegomis/.m2/repository/org/junit/jupiter/junit-jupiter-params/5.10.2/junit-jupiter-params-5.10.2.jar:/Users/lucaeugeniegomis/.m2/repository/org/junit/jupiter/junit-jupiter-engine/5.10.2/junit-jupiter-engine-5.10.2.jar:/Users/lucaeugeniegomis/.m2/repository/org/junit/platform/junit-platform-engine/1.10.2/junit-platform-engine-1.10.2.jar:/Users/lucaeugeniegomis/.m2/repository/org/mockito/mockito-core/4.8.0/mockito-core-4.8.0.jar:/Users/lucaeugeniegomis/.m2/repository/net/bytebuddy/byte-buddy-agent/1.14.12/byte-buddy-agent-1.14.12.jar:/Users/lucaeugeniegomis/.m2/repository/org/objenesis/objenesis/3.2/objenesis-3.2.jar:/Users/lucaeugeniegomis/.m2/repository/org/mockito/mockito-junit-jupiter/4.8.0/mockito-junit-jupiter-4.8.0.jar:/Users/lucaeugeniegomis/.m2/repository/org/skyscreamer/jsonassert/1.5.1/jsonassert-1.5.1.jar:/Users/lucaeugeniegomis/.m2/repository/com/vaadin/external/google/android-json/0.0.20131108.vaadin1/android-json-0.0.20131108.vaadin1.jar:/Users/lucaeugeniegomis/.m2/repository/org/springframework/spring-test/6.1.4/spring-test-6.1.4.jar:/Users/lucaeugeniegomis/.m2/repository/org/xmlunit/xmlunit-core/2.9.1/xmlunit-core-2.9.1.jar:/Users/lucaeugeniegomis/.m2/repository/io/grpc/grpc-netty-shaded/1.57.2/grpc-netty-shaded-1.57.2.jar:/Users/lucaeugeniegomis/.m2/repository/com/google/guava/guava/32.0.1-android/guava-32.0.1-android.jar:/Users/lucaeugeniegomis/.m2/repository/com/google/guava/failureaccess/1.0.1/failureaccess-1.0.1.jar:/Users/lucaeugeniegomis/.m2/repository/com/google/guava/listenablefuture/9999.0-empty-to-avoid-conflict-with-guava/listenablefuture-9999.0-empty-to-avoid-conflict-with-guava.jar:/Users/lucaeugeniegomis/.m2/repository/com/google/j2objc/j2objc-annotations/2.8/j2objc-annotations-2.8.jar:/Users/lucaeugeniegomis/.m2/repository/com/google/errorprone/error_prone_annotations/2.18.0/error_prone_annotations-2.18.0.jar:/Users/lucaeugeniegomis/.m2/repository/io/perfmark/perfmark-api/0.26.0/perfmark-api-0.26.0.jar:/Users/lucaeugeniegomis/.m2/repository/io/grpc/grpc-core/1.57.2/grpc-core-1.57.2.jar:/Users/lucaeugeniegomis/.m2/repository/com/google/code/gson/gson/2.10.1/gson-2.10.1.jar:/Users/lucaeugeniegomis/.m2/repository/com/google/android/annotations/4.1.1.4/annotations-4.1.1.4.jar:/Users/lucaeugeniegomis/.m2/repository/org/codehaus/mojo/animal-sniffer-annotations/1.23/animal-sniffer-annotations-1.23.jar:/Users/lucaeugeniegomis/.m2/repository/io/grpc/grpc-context/1.57.2/grpc-context-1.57.2.jar:/Users/lucaeugeniegomis/.m2/repository/io/grpc/grpc-protobuf/1.57.2/grpc-protobuf-1.57.2.jar:/Users/lucaeugeniegomis/.m2/repository/io/grpc/grpc-api/1.57.2/grpc-api-1.57.2.jar:/Users/lucaeugeniegomis/.m2/repository/com/google/code/findbugs/jsr305/3.0.2/jsr305-3.0.2.jar:/Users/lucaeugeniegomis/.m2/repository/com/google/api/grpc/proto-google-common-protos/2.17.0/proto-google-common-protos-2.17.0.jar:/Users/lucaeugeniegomis/.m2/repository/io/grpc/grpc-protobuf-lite/1.57.2/grpc-protobuf-lite-1.57.2.jar:/Users/lucaeugeniegomis/.m2/repository/io/grpc/grpc-stub/1.57.2/grpc-stub-1.57.2.jar:/Users/lucaeugeniegomis/.m2/repository/org/apache/tomcat/annotations-api/6.0.53/annotations-api-6.0.53.jar:/Users/lucaeugeniegomis/.m2/repository/com/google/protobuf/protobuf-java/3.21.7/protobuf-java-3.21.7.jar:/Users/lucaeugeniegomis/.m2/repository/org/springframework/boot/spring-boot-starter-data-jpa/3.2.3/spring-boot-starter-data-jpa-3.2.3.jar:/Users/lucaeugeniegomis/.m2/repository/org/springframework/boot/spring-boot-starter-aop/3.2.3/spring-boot-starter-aop-3.2.3.jar:/Users/lucaeugeniegomis/.m2/repository/org/springframework/spring-aop/6.1.4/spring-aop-6.1.4.jar:/Users/lucaeugeniegomis/.m2/repository/org/aspectj/aspectjweaver/1.9.21/aspectjweaver-1.9.21.jar:/Users/lucaeugeniegomis/.m2/repository/org/springframework/boot/spring-boot-starter-jdbc/3.2.3/spring-boot-starter-jdbc-3.2.3.jar:/Users/lucaeugeniegomis/.m2/repository/com/zaxxer/HikariCP/5.0.1/HikariCP-5.0.1.jar:/Users/lucaeugeniegomis/.m2/repository/org/springframework/spring-jdbc/6.1.4/spring-jdbc-6.1.4.jar:/Users/lucaeugeniegomis/.m2/repository/org/hibernate/orm/hibernate-core/6.4.4.Final/hibernate-core-6.4.4.Final.jar:/Users/lucaeugeniegomis/.m2/repository/jakarta/persistence/jakarta.persistence-api/3.1.0/jakarta.persistence-api-3.1.0.jar:/Users/lucaeugeniegomis/.m2/repository/jakarta/transaction/jakarta.transaction-api/2.0.1/jakarta.transaction-api-2.0.1.jar:/Users/lucaeugeniegomis/.m2/repository/org/jboss/logging/jboss-logging/3.5.3.Final/jboss-logging-3.5.3.Final.jar:/Users/lucaeugeniegomis/.m2/repository/org/hibernate/common/hibernate-commons-annotations/6.0.6.Final/hibernate-commons-annotations-6.0.6.Final.jar:/Users/lucaeugeniegomis/.m2/repository/io/smallrye/jandex/3.1.2/jandex-3.1.2.jar:/Users/lucaeugeniegomis/.m2/repository/com/fasterxml/classmate/1.6.0/classmate-1.6.0.jar:/Users/lucaeugeniegomis/.m2/repository/org/glassfish/jaxb/jaxb-runtime/4.0.4/jaxb-runtime-4.0.4.jar:/Users/lucaeugeniegomis/.m2/repository/org/glassfish/jaxb/jaxb-core/4.0.4/jaxb-core-4.0.4.jar:/Users/lucaeugeniegomis/.m2/repository/org/eclipse/angus/angus-activation/2.0.1/angus-activation-2.0.1.jar:/Users/lucaeugeniegomis/.m2/repository/org/glassfish/jaxb/txw2/4.0.4/txw2-4.0.4.jar:/Users/lucaeugeniegomis/.m2/repository/com/sun/istack/istack-commons-runtime/4.1.2/istack-commons-runtime-4.1.2.jar:/Users/lucaeugeniegomis/.m2/repository/jakarta/inject/jakarta.inject-api/2.0.1/jakarta.inject-api-2.0.1.jar:/Users/lucaeugeniegomis/.m2/repository/org/antlr/antlr4-runtime/4.13.0/antlr4-runtime-4.13.0.jar:/Users/lucaeugeniegomis/.m2/repository/org/springframework/data/spring-data-jpa/3.2.3/spring-data-jpa-3.2.3.jar:/Users/lucaeugeniegomis/.m2/repository/org/springframework/data/spring-data-commons/3.2.3/spring-data-commons-3.2.3.jar:/Users/lucaeugeniegomis/.m2/repository/org/springframework/spring-orm/6.1.4/spring-orm-6.1.4.jar:/Users/lucaeugeniegomis/.m2/repository/org/springframework/spring-tx/6.1.4/spring-tx-6.1.4.jar:/Users/lucaeugeniegomis/.m2/repository/org/springframework/spring-beans/6.1.4/spring-beans-6.1.4.jar:/Users/lucaeugeniegomis/.m2/repository/org/springframework/spring-aspects/6.1.4/spring-aspects-6.1.4.jar:/Users/lucaeugeniegomis/.m2/repository/org/springframework/boot/spring-boot-starter-web/3.2.3/spring-boot-starter-web-3.2.3.jar:/Users/lucaeugeniegomis/.m2/repository/org/springframework/boot/spring-boot-starter-json/3.2.3/spring-boot-starter-json-3.2.3.jar:/Users/lucaeugeniegomis/.m2/repository/com/fasterxml/jackson/core/jackson-databind/2.15.4/jackson-databind-2.15.4.jar:/Users/lucaeugeniegomis/.m2/repository/com/fasterxml/jackson/core/jackson-annotations/2.15.4/jackson-annotations-2.15.4.jar:/Users/lucaeugeniegomis/.m2/repository/com/fasterxml/jackson/core/jackson-core/2.15.4/jackson-core-2.15.4.jar:/Users/lucaeugeniegomis/.m2/repository/com/fasterxml/jackson/datatype/jackson-datatype-jdk8/2.15.4/jackson-datatype-jdk8-2.15.4.jar:/Users/lucaeugeniegomis/.m2/repository/com/fasterxml/jackson/datatype/jackson-datatype-jsr310/2.15.4/jackson-datatype-jsr310-2.15.4.jar:/Users/lucaeugeniegomis/.m2/repository/com/fasterxml/jackson/module/jackson-module-parameter-names/2.15.4/jackson-module-parameter-names-2.15.4.jar:/Users/lucaeugeniegomis/.m2/repository/org/springframework/boot/spring-boot-starter-tomcat/3.2.3/spring-boot-starter-tomcat-3.2.3.jar:/Users/lucaeugeniegomis/.m2/repository/org/apache/tomcat/embed/tomcat-embed-core/10.1.19/tomcat-embed-core-10.1.19.jar:/Users/lucaeugeniegomis/.m2/repository/org/apache/tomcat/embed/tomcat-embed-el/10.1.19/tomcat-embed-el-10.1.19.jar:/Users/lucaeugeniegomis/.m2/repository/org/apache/tomcat/embed/tomcat-embed-websocket/10.1.19/tomcat-embed-websocket-10.1.19.jar:/Users/lucaeugeniegomis/.m2/repository/org/springframework/spring-web/6.1.4/spring-web-6.1.4.jar:/Users/lucaeugeniegomis/.m2/repository/io/micrometer/micrometer-observation/1.12.3/micrometer-observation-1.12.3.jar:/Users/lucaeugeniegomis/.m2/repository/io/micrometer/micrometer-commons/1.12.3/micrometer-commons-1.12.3.jar:/Users/lucaeugeniegomis/.m2/repository/org/springframework/spring-webmvc/6.1.4/spring-webmvc-6.1.4.jar:/Users/lucaeugeniegomis/.m2/repository/org/springframework/spring-expression/6.1.4/spring-expression-6.1.4.jar:/Users/lucaeugeniegomis/.m2/repository/org/postgresql/postgresql/42.6.1/postgresql-42.6.1.jar:/Users/lucaeugeniegomis/.m2/repository/org/checkerframework/checker-qual/3.31.0/checker-qual-3.31.0.jar:/Users/lucaeugeniegomis/.m2/repository/org/projectlombok/lombok/1.18.30/lombok-1.18.30.jar:/Users/lucaeugeniegomis/.m2/repository/org/mockito/mockito-inline/4.8.0/mockito-inline-4.8.0.jar:/Users/lucaeugeniegomis/.m2/repository/org/mapstruct/mapstruct/1.4.2.Final/mapstruct-1.4.2.Final.jar:/Users/lucaeugeniegomis/.m2/repository/org/mapstruct/mapstruct-processor/1.4.2.Final/mapstruct-processor-1.4.2.Final.jar:"/>
    <property name="sun.cpu.endian" value="little"/>
    <property name="user.home" value="/Users/lucaeugeniegomis"/>
    <property name="user.language" value="en"/>
    <property name="java.specification.vendor" value="Oracle Corporation"/>
    <property name="java.version.date" value="2023-10-17"/>
    <property name="java.home" value="/Library/Java/JavaVirtualMachines/zulu-21.jdk/Contents/Home"/>
    <property name="file.separator" value="/"/>
    <property name="basedir" value="/Users/lucaeugeniegomis/Documents/GitHub/backendDemo"/>
    <property name="java.vm.compressedOopsMode" value="Zero based"/>
    <property name="line.separator" value="&#10;"/>
    <property name="java.vm.specification.vendor" value="Oracle Corporation"/>
    <property name="java.specification.name" value="Java Platform API Specification"/>
    <property name="FILE_LOG_CHARSET" value="UTF-8"/>
    <property name="java.awt.headless" value="true"/>
    <property name="apple.awt.application.name" value="ForkedBooter"/>
    <property name="surefire.real.class.path" value="/Users/lucaeugeniegomis/Documents/GitHub/backendDemo/target/surefire/surefirebooter-20240229134559464_3.jar"/>
    <property name="sun.management.compiler" value="HotSpot 64-Bit Tiered Compilers"/>
    <property name="ftp.nonProxyHosts" value="local|*.local|169.254/16|*.169.254/16"/>
    <property name="java.runtime.version" value="21.0.1+12-LTS"/>
    <property name="user.name" value="lucaeugeniegomis"/>
    <property name="stdout.encoding" value="UTF-8"/>
    <property name="path.separator" value=":"/>
    <property name="os.version" value="14.2"/>
    <property name="java.runtime.name" value="OpenJDK Runtime Environment"/>
    <property name="file.encoding" value="UTF-8"/>
    <property name="java.vm.name" value="OpenJDK 64-Bit Server VM"/>
    <property name="java.vendor.version" value="Zulu21.30+15-CA"/>
    <property name="localRepository" value="/Users/lucaeugeniegomis/.m2/repository"/>
    <property name="java.vendor.url.bug" value="http://www.azul.com/support/"/>
    <property name="java.io.tmpdir" value="/var/folders/2m/92_cdyfx6k5d0n7lqg58p8880000gn/T/"/>
    <property name="idea.version" value="2023.3.3"/>
    <property name="com.zaxxer.hikari.pool_number" value="1"/>
    <property name="java.version" value="21.0.1"/>
    <property name="user.dir" value="/Users/lucaeugeniegomis/Documents/GitHub/backendDemo"/>
    <property name="os.arch" value="aarch64"/>
    <property name="java.vm.specification.name" value="Java Virtual Machine Specification"/>
    <property name="PID" value="59168"/>
    <property name="CONSOLE_LOG_CHARSET" value="UTF-8"/>
    <property name="native.encoding" value="UTF-8"/>
    <property name="java.library.path" value="/Users/lucaeugeniegomis/Library/Java/Extensions:/Library/Java/Extensions:/Network/Library/Java/Extensions:/System/Library/Java/Extensions:/usr/lib/java:."/>
    <property name="java.vm.info" value="mixed mode, sharing"/>
    <property name="stderr.encoding" value="UTF-8"/>
    <property name="java.vendor" value="Azul Systems, Inc."/>
    <property name="java.vm.version" value="21.0.1+12-LTS"/>
    <property name="sun.io.unicode.encoding" value="UnicodeBig"/>
    <property name="socksNonProxyHosts" value="local|*.local|169.254/16|*.169.254/16"/>
    <property name="java.class.version" value="65.0"/>
  </properties>
  <testcase name="testUpdateBookByIdBookNotFound" classname="com.example.demo.service.BookServiceTest" time="0.036">
    <system-out><![CDATA[13:45:59.848 [main] INFO org.springframework.test.context.support.AnnotationConfigContextLoaderUtils -- Could not detect default configuration classes for test class [com.example.demo.service.BookServiceTest]: BookServiceTest does not declare any static, non-private, non-final, nested classes annotated with @Configuration.
13:45:59.896 [main] INFO org.springframework.boot.test.context.SpringBootTestContextBootstrapper -- Found @SpringBootConfiguration com.example.demo.DemoApplication for test class com.example.demo.service.BookServiceTest

  .   ____          _            __ _ _
 /\\ / ___'_ __ _ _(_)_ __  __ _ \ \ \ \
( ( )\___ | '_ | '_| | '_ \/ _` | \ \ \ \
 \\/  ___)| |_)| | | | | || (_| |  ) ) ) )
  '  |____| .__|_| |_|_| |_\__, | / / / /
 =========|_|==============|___/=/_/_/_/
 :: Spring Boot ::                (v3.2.3)

2024-02-29T13:46:00.171+07:00  INFO 59168 --- [           main] c.example.demo.service.BookServiceTest   : Starting BookServiceTest using Java 21.0.1 with PID 59168 (started by lucaeugeniegomis in /Users/lucaeugeniegomis/Documents/GitHub/backendDemo)
2024-02-29T13:46:00.173+07:00  INFO 59168 --- [           main] c.example.demo.service.BookServiceTest   : No active profile set, falling back to 1 default profile: "default"
2024-02-29T13:46:00.490+07:00  INFO 59168 --- [           main] .s.d.r.c.RepositoryConfigurationDelegate : Bootstrapping Spring Data JPA repositories in DEFAULT mode.
2024-02-29T13:46:00.527+07:00  INFO 59168 --- [           main] .s.d.r.c.RepositoryConfigurationDelegate : Finished Spring Data repository scanning in 32 ms. Found 1 JPA repository interface.
2024-02-29T13:46:00.761+07:00  INFO 59168 --- [           main] o.hibernate.jpa.internal.util.LogHelper  : HHH000204: Processing PersistenceUnitInfo [name: default]
2024-02-29T13:46:00.793+07:00  INFO 59168 --- [           main] org.hibernate.Version                    : HHH000412: Hibernate ORM core version 6.4.4.Final
2024-02-29T13:46:00.810+07:00  INFO 59168 --- [           main] o.h.c.internal.RegionFactoryInitiator    : HHH000026: Second-level cache disabled
2024-02-29T13:46:00.927+07:00  INFO 59168 --- [           main] o.s.o.j.p.SpringPersistenceUnitInfo      : No LoadTimeWeaver setup: ignoring JPA class transformer
2024-02-29T13:46:00.940+07:00  INFO 59168 --- [           main] com.zaxxer.hikari.HikariDataSource       : HikariPool-1 - Starting...
2024-02-29T13:46:01.093+07:00  INFO 59168 --- [           main] com.zaxxer.hikari.pool.HikariPool        : HikariPool-1 - Added connection org.postgresql.jdbc.PgConnection@4f64d9cb
2024-02-29T13:46:01.094+07:00  INFO 59168 --- [           main] com.zaxxer.hikari.HikariDataSource       : HikariPool-1 - Start completed.
2024-02-29T13:46:01.599+07:00  INFO 59168 --- [           main] o.h.e.t.j.p.i.JtaPlatformInitiator       : HHH000489: No JTA platform available (set 'hibernate.transaction.jta.platform' to enable JTA platform integration)
2024-02-29T13:46:01.600+07:00  INFO 59168 --- [           main] j.LocalContainerEntityManagerFactoryBean : Initialized JPA EntityManagerFactory for persistence unit 'default'
2024-02-29T13:46:01.828+07:00  WARN 59168 --- [           main] JpaBaseConfiguration$JpaWebConfiguration : spring.jpa.open-in-view is enabled by default. Therefore, database queries may be performed during view rendering. Explicitly configure spring.jpa.open-in-view to disable this warning
2024-02-29T13:46:02.045+07:00  INFO 59168 --- [           main] c.example.demo.service.BookServiceTest   : Started BookServiceTest in 2.088 seconds (process running for 2.537)
]]></system-out>
    <system-err><![CDATA[WARNING: A Java agent has been loaded dynamically (/Users/lucaeugeniegomis/.m2/repository/net/bytebuddy/byte-buddy-agent/1.14.12/byte-buddy-agent-1.14.12.jar)
WARNING: If a serviceability tool is in use, please run with -XX:+EnableDynamicAgentLoading to hide this warning
WARNING: If a serviceability tool is not in use, please run with -Djdk.instrument.traceUsage for more information
WARNING: Dynamic loading of agents will be disallowed by default in a future release
]]></system-err>
  </testcase>
  <testcase name="testGetBookById" classname="com.example.demo.service.BookServiceTest" time="0.006"/>
  <testcase name="testUpdateBookByIdSuccess" classname="com.example.demo.service.BookServiceTest" time="0.005"/>
  <testcase name="testFindBooksByAuthorSuccess" classname="com.example.demo.service.BookServiceTest" time="0.004"/>
</testsuite>